<?xml version="1.0" encoding="UTF-8"?>
<testng-results ignored="0" total="6" passed="6" failed="0" skipped="0">
  <reporter-output>
  </reporter-output>
  <suite started-at="2020-05-06T20:34:36 IST" name="Suite" finished-at="2020-05-06T20:34:41 IST" duration-ms="5128">
    <groups>
    </groups>
    <test started-at="2020-05-06T20:34:36 IST" name="Test" finished-at="2020-05-06T20:34:41 IST" duration-ms="5128">
      <class name="testcases.EmployeeTestCase">
        <test-method signature="getTestcase_01()[pri:0, instance:testcases.EmployeeTestCase@3300f4fd]" started-at="2020-05-06T20:34:36 IST" name="getTestcase_01" finished-at="2020-05-06T20:34:40 IST" duration-ms="3165" status="PASS">
          <reporter-output>
          </reporter-output>
        </test-method> <!-- getTestcase_01 -->
        <test-method signature="getTestcase_02()[pri:0, instance:testcases.EmployeeTestCase@3300f4fd]" started-at="2020-05-06T20:34:40 IST" name="getTestcase_02" finished-at="2020-05-06T20:34:40 IST" duration-ms="557" status="PASS">
          <reporter-output>
          </reporter-output>
        </test-method> <!-- getTestcase_02 -->
        <test-method signature="getTestcase_03()[pri:0, instance:testcases.EmployeeTestCase@3300f4fd]" started-at="2020-05-06T20:34:40 IST" name="getTestcase_03" finished-at="2020-05-06T20:34:41 IST" duration-ms="544" status="PASS">
          <reporter-output>
          </reporter-output>
        </test-method> <!-- getTestcase_03 -->
        <test-method signature="getTestcase_04()[pri:0, instance:testcases.EmployeeTestCase@3300f4fd]" started-at="2020-05-06T20:34:41 IST" name="getTestcase_04" finished-at="2020-05-06T20:34:41 IST" duration-ms="8" status="PASS">
          <reporter-output>
          </reporter-output>
        </test-method> <!-- getTestcase_04 -->
        <test-method signature="getTestcase_05()[pri:0, instance:testcases.EmployeeTestCase@3300f4fd]" started-at="2020-05-06T20:34:41 IST" name="getTestcase_05" finished-at="2020-05-06T20:34:41 IST" duration-ms="8" status="PASS">
          <reporter-output>
          </reporter-output>
        </test-method> <!-- getTestcase_05 -->
        <test-method signature="getlistofemployee()[pri:0, instance:testcases.EmployeeTestCase@3300f4fd]" started-at="2020-05-06T20:34:41 IST" name="getlistofemployee" finished-at="2020-05-06T20:34:41 IST" duration-ms="745" status="PASS">
          <reporter-output>
          </reporter-output>
        </test-method> <!-- getlistofemployee -->
      </class> <!-- testcases.EmployeeTestCase -->
    </test> <!-- Test -->
  </suite> <!-- Suite -->
</testng-results>
