<?xml version="1.0" encoding="UTF-8"?>
<!-- Generated by org.testng.reporters.JUnitXMLReporter -->
<testsuite ignored="0" hostname="DESKTOP-IEF8SQP" failures="0" tests="6" name="Default test" time="4.843" errors="0" timestamp="2020-05-06T19:58:27 IST">
  <testcase classname="testcases.EmployeeTestCase" name="getTestcase_01" time="2.835"/>
  <testcase classname="testcases.EmployeeTestCase" name="getTestcase_02" time="0.571"/>
  <testcase classname="testcases.EmployeeTestCase" name="getTestcase_03" time="0.527"/>
  <testcase classname="testcases.EmployeeTestCase" name="getTestcase_04" time="0.006"/>
  <testcase classname="testcases.EmployeeTestCase" name="getTestcase_05" time="0.012"/>
  <testcase classname="testcases.EmployeeTestCase" name="getlistofemployee" time="0.742"/>
</testsuite> <!-- Default test -->
