<?xml version="1.0" encoding="UTF-8"?>
<!-- Generated by org.testng.reporters.JUnitXMLReporter -->
<testsuite ignored="0" hostname="DESKTOP-IEF8SQP" failures="0" tests="6" name="Test" time="5.128" errors="0" timestamp="2020-05-06T20:34:41 IST">
  <testcase classname="testcases.EmployeeTestCase" name="getTestcase_01" time="3.165"/>
  <testcase classname="testcases.EmployeeTestCase" name="getTestcase_02" time="0.557"/>
  <testcase classname="testcases.EmployeeTestCase" name="getTestcase_03" time="0.544"/>
  <testcase classname="testcases.EmployeeTestCase" name="getTestcase_04" time="0.008"/>
  <testcase classname="testcases.EmployeeTestCase" name="getTestcase_05" time="0.008"/>
  <testcase classname="testcases.EmployeeTestCase" name="getlistofemployee" time="0.745"/>
</testsuite> <!-- Test -->
